<?xml version="1.0" encoding="UTF-8"?>
<!-- Generated by org.testng.reporters.JUnitReportReporter -->
<testsuite hostname="LAPTOP-QAF5UGP2" name="test.com.StudentTest" tests="1" failures="0" timestamp="15 Mar 2019 23:25:27 GMT" time="0.003" errors="0">
  <testcase name="testFirst" time="0.003" classname="test.com.StudentTest"/>
</testsuite> <!-- test.com.StudentTest -->
